Using pre-set license
Built from '2020.3/staging' branch; Version is '2020.3.9f1 (108be757e447) revision 1084391'; Using compiler version '192528614'; Build Type 'Release'
OS: 'Windows 10 Pro; OS build 19042.1237; Version 2009; 64bit' Language: 'ru' Physical Memory: 16332 MB
BatchMode: 1, IsHumanControllingUs: 0, StartBugReporterOnCrash: 0, Is64bit: 1, IsPro: 0

 COMMAND LINE ARGUMENTS:
C:\Program Files\Unity\Hub\Editor\2020.3.9f1\Editor\Unity.exe
-adb2
-batchMode
-noUpm
-name
AssetImportWorker3
-projectPath
C:/Program Files/Unity/DorferGames/ALLEMOTest
-logFile
Logs/AssetImportWorker3.log
-srvPort
53016
Successfully changed project path to: C:/Program Files/Unity/DorferGames/ALLEMOTest
C:/Program Files/Unity/DorferGames/ALLEMOTest
Using Asset Import Pipeline V2.
Refreshing native plugins compatible for Editor in 50.15 ms, found 0 plugins.
Preloading 0 native plugins for Editor in 0.00 ms.
Initialize engine version: 2020.3.9f1 (108be757e447)
[Subsystems] Discovering subsystems at path C:/Program Files/Unity/Hub/Editor/2020.3.9f1/Editor/Data/Resources/UnitySubsystems
[Subsystems] Discovering subsystems at path C:/Program Files/Unity/DorferGames/ALLEMOTest/Assets
GfxDevice: creating device client; threaded=0
Direct3D:
    Version:  Direct3D 11.0 [level 11.1]
    Renderer: NVIDIA GeForce GTX 1650 (ID=0x1f82)
    Vendor:   
    VRAM:     3962 MB
    Driver:   27.21.14.5751
Initialize mono
Mono path[0] = 'C:/Program Files/Unity/Hub/Editor/2020.3.9f1/Editor/Data/Managed'
Mono path[1] = 'C:/Program Files/Unity/Hub/Editor/2020.3.9f1/Editor/Data/MonoBleedingEdge/lib/mono/unityjit'
Mono config path = 'C:/Program Files/Unity/Hub/Editor/2020.3.9f1/Editor/Data/MonoBleedingEdge/etc'
Using monoOptions --debugger-agent=transport=dt_socket,embedding=1,server=y,suspend=n,address=127.0.0.1:56740
Begin MonoManager ReloadAssembly
Registering precompiled unity dll's ...
Register platform support module: C:/Program Files/Unity/Hub/Editor/2020.3.9f1/Editor/Data/PlaybackEngines/WindowsStandaloneSupport/UnityEditor.WindowsStandalone.Extensions.dll
Registered in 0.002776 seconds.
Native extension for WindowsStandalone target not found
Refreshing native plugins compatible for Editor in 51.92 ms, found 0 plugins.
Preloading 0 native plugins for Editor in 0.00 ms.
Mono: successfully reloaded assembly
- Completed reload, in  3.081 seconds
Platform modules already initialized, skipping
Registering precompiled user dll's ...
Registered in 0.001723 seconds.
Begin MonoManager ReloadAssembly
Native extension for WindowsStandalone target not found
Refreshing native plugins compatible for Editor in 0.56 ms, found 0 plugins.
Preloading 0 native plugins for Editor in 0.00 ms.
02:00:17.501 |V| RiderPlugin                    | <unnamed-thread>:1             | Writing Library/EditorInstance.json
02:00:17.517 |V| ScriptObjectSingleton          | <unnamed-thread>:1             | FilePath 
02:00:17.519 |V| ScriptObjectSingleton          | <unnamed-thread>:1             | FilePath 
02:00:17.519 |V| RiderPlugin                    | <unnamed-thread>:1             | Call OnGeneratedCSProjectFiles once per Unity process.
02:00:17.524 |V| ScriptObjectSingleton          | <unnamed-thread>:1             | FilePath 
Mono: successfully reloaded assembly
- Completed reload, in  1.328 seconds
Platform modules already initialized, skipping
========================================================================
Worker process is ready to serve import requests
Launched and connected shader compiler UnityShaderCompiler.exe after 0.10 seconds
Refreshing native plugins compatible for Editor in 0.50 ms, found 0 plugins.
Preloading 0 native plugins for Editor in 0.00 ms.
Unloading 1317 Unused Serialized files (Serialized files now loaded: 0)
System memory in use before: 86.1 MB.
System memory in use after: 86.1 MB.

Unloading 11 unused Assets to reduce memory usage. Loaded Objects now: 1776.
Total: 2.641700 ms (FindLiveObjects: 0.262400 ms CreateObjectMapping: 0.040000 ms MarkObjects: 2.192900 ms  DeleteObjects: 0.144700 ms)

========================================================================
Received Import Request.
  path: Assets/Sources/Materials/SliderRampSpecularRimOutline 1.mat
  artifactKey: Guid(31b96fec96283e445a3968303e44991e) Importer(815301076,1909f56bfc062723c751e8b465ee728b)
Start importing Assets/Sources/Materials/SliderRampSpecularRimOutline 1.mat using Guid(31b96fec96283e445a3968303e44991e) Importer(815301076,1909f56bfc062723c751e8b465ee728b)  -> (artifact id: 'fdd597a7582eea046e4bc94b0d3d42cb') in 0.968539 seconds
  Import took 0.985040 seconds .

========================================================================
Received Import Request.
  Time since last request: 365.283046 seconds.
  path: Assets/Sources/Scripts/Components/FinishController.cs
  artifactKey: Guid(2ea6b70eb74f28c429ed4841cf116765) Importer(815301076,1909f56bfc062723c751e8b465ee728b)
Start importing Assets/Sources/Scripts/Components/FinishController.cs using Guid(2ea6b70eb74f28c429ed4841cf116765) Importer(815301076,1909f56bfc062723c751e8b465ee728b)  -> (artifact id: '5bd629db6782138e1a3d90452ce8793f') in 0.019032 seconds
  Import took 0.047411 seconds .

========================================================================
Received Prepare
Registering precompiled user dll's ...
Registered in 0.001953 seconds.
Begin MonoManager ReloadAssembly
Native extension for WindowsStandalone target not found
Refreshing native plugins compatible for Editor in 0.55 ms, found 0 plugins.
Preloading 0 native plugins for Editor in 0.00 ms.
02:06:31.931 |V| RiderPlugin                    | <unnamed-thread>:1             | Writing Library/EditorInstance.json
Mono: successfully reloaded assembly
- Completed reload, in  1.204 seconds
Platform modules already initialized, skipping
Refreshing native plugins compatible for Editor in 0.54 ms, found 0 plugins.
Preloading 0 native plugins for Editor in 0.00 ms.
Unloading 1290 Unused Serialized files (Serialized files now loaded: 0)
System memory in use before: 87.0 MB.
System memory in use after: 87.1 MB.

Unloading 6 unused Assets to reduce memory usage. Loaded Objects now: 1820.
Total: 2.499600 ms (FindLiveObjects: 0.199400 ms CreateObjectMapping: 0.040700 ms MarkObjects: 2.151400 ms  DeleteObjects: 0.107000 ms)

========================================================================
Received Prepare
Registering precompiled user dll's ...
Registered in 0.001748 seconds.
Begin MonoManager ReloadAssembly
Native extension for WindowsStandalone target not found
Refreshing native plugins compatible for Editor in 0.49 ms, found 0 plugins.
Preloading 0 native plugins for Editor in 0.00 ms.
02:11:04.362 |V| RiderPlugin                    | <unnamed-thread>:1             | Writing Library/EditorInstance.json
Mono: successfully reloaded assembly
- Completed reload, in  1.185 seconds
Platform modules already initialized, skipping
Refreshing native plugins compatible for Editor in 0.49 ms, found 0 plugins.
Preloading 0 native plugins for Editor in 0.00 ms.
Unloading 1289 Unused Serialized files (Serialized files now loaded: 0)
System memory in use before: 87.0 MB.
System memory in use after: 87.1 MB.

Unloading 7 unused Assets to reduce memory usage. Loaded Objects now: 1822.
Total: 2.400900 ms (FindLiveObjects: 0.181500 ms CreateObjectMapping: 0.034600 ms MarkObjects: 2.079100 ms  DeleteObjects: 0.104700 ms)

========================================================================
Received Prepare
Registering precompiled user dll's ...
Registered in 0.002405 seconds.
Begin MonoManager ReloadAssembly
Native extension for WindowsStandalone target not found
Refreshing native plugins compatible for Editor in 0.51 ms, found 0 plugins.
Preloading 0 native plugins for Editor in 0.00 ms.
02:14:58.951 |V| RiderPlugin                    | <unnamed-thread>:1             | Writing Library/EditorInstance.json
Mono: successfully reloaded assembly
- Completed reload, in  1.334 seconds
Platform modules already initialized, skipping
Refreshing native plugins compatible for Editor in 0.75 ms, found 0 plugins.
Preloading 0 native plugins for Editor in 0.00 ms.
Unloading 1290 Unused Serialized files (Serialized files now loaded: 0)
System memory in use before: 87.1 MB.
System memory in use after: 87.1 MB.

Unloading 6 unused Assets to reduce memory usage. Loaded Objects now: 1826.
Total: 3.150000 ms (FindLiveObjects: 0.255700 ms CreateObjectMapping: 0.051200 ms MarkObjects: 2.716800 ms  DeleteObjects: 0.124300 ms)

